CUDA_VISIBLE_DEVICES: 0
Torch sees CUDA: True

=== Running double_hist ===
I 2025-05-05T06:03:44 __main__:662: args: {'output_dir': 'output-improved/rasp-improved-prefix/double_hist/k8_len8_L3_H4_M2/s0', 'dataset': 'double_hist', 'vocab_size': 8, 'dataset_size': 20000, 'min_length': 1, 'max_length': 8, 'seed': 0, 'do_lower': 0, 'unique': 1, 'replace_numbers': 0, 'n_vars_cat': 1, 'n_vars_num': 1, 'd_var': 8, 'n_heads_cat': 2, 'n_heads_num': 2, 'd_mlp': 64, 'n_cat_mlps': 1, 'n_num_mlps': 1, 'mlp_vars_in': 2, 'n_layers': 3, 'sample_fn': 'gumbel_soft', 'one_hot_embed': True, 'count_only': False, 'selector_width': 0, 'attention_type': 'both', 'rel_pos_bias': 'fixed', 'mlp_type': 'mix', 'autoregressive': False, 'glove_embeddings': 'data/glove.840B.300d.txt', 'do_glove': 0, 'unembed_mask': 1, 'pool_outputs': 0, 'use_prefix_counts': True, 'standard': False, 'd_model': 64, 'd_head': None, 'n_heads': 2, 'dropout': 0.0, 'lr': 0.02, 'max_grad_norm': 1.0, 'gumbel_samples': 4, 'n_epochs': 250, 'batch_size': 512, 'tau_init': 3.0, 'tau_end': 0.1, 'tau_schedule': 'geomspace', 'loss_agg': 'per_token', 'save': True, 'save_code': True, 'device': 'cuda'}
I 2025-05-05T06:03:46 __main__:630: vocab size: 8
I 2025-05-05T06:03:46 __main__:631: X_train: (16200, 8), Y_train, (16200, 8)
I 2025-05-05T06:03:46 __main__:632: X_val: (1800, 8), Y_val, (1800, 8)
I 2025-05-05T06:03:46 __main__:633: X_test: (2000, 8), Y_test, (2000, 8)
I 2025-05-05T06:03:46 __main__:636: 16200/16200 unique training inputs
I 2025-05-05T06:03:46 __main__:637: 2000/2000 unique test inputs not in train
I 2025-05-05T06:17:52 __main__:459: train: loss=0.13515959680080414, acc=0.9575572582487177, metrics={}
I 2025-05-05T06:17:52 __main__:459: val: loss=0.12881982326507568, acc=0.9595649749023982, metrics={}
I 2025-05-05T06:17:52 __main__:459: test: loss=0.13762307167053223, acc=0.9600367862218878, metrics={}
I 2025-05-05T06:17:52 __main__:476: saving model to output-improved/rasp-improved-prefix/double_hist/k8_len8_L3_H4_M2/s0/model.pt
I 2025-05-05T06:17:52 __main__:480: saving code to output-improved/rasp-improved-prefix/double_hist/k8_len8_L3_H4_M2/s0
E 2025-05-05T06:17:52 __main__:498: error saving code: boolean index did not match indexed array along dimension 0; dimension is 120 but corresponding boolean dimension is 119
I 2025-05-05T06:17:52 __main__:656: writing results to output-improved/rasp-improved-prefix/double_hist/k8_len8_L3_H4_M2/s0/results.csv

=== Running hist ===
I 2025-05-05T06:17:56 __main__:662: args: {'output_dir': 'output-improved/rasp-improved-prefix/hist/k8_len8_L1_H4_M2/s0', 'dataset': 'hist', 'vocab_size': 8, 'dataset_size': 20000, 'min_length': 1, 'max_length': 8, 'seed': 0, 'do_lower': 0, 'unique': 1, 'replace_numbers': 0, 'n_vars_cat': 1, 'n_vars_num': 1, 'd_var': 8, 'n_heads_cat': 0, 'n_heads_num': 4, 'd_mlp': 64, 'n_cat_mlps': 1, 'n_num_mlps': 1, 'mlp_vars_in': 2, 'n_layers': 1, 'sample_fn': 'gumbel_soft', 'one_hot_embed': True, 'count_only': True, 'selector_width': 0, 'attention_type': 'num', 'rel_pos_bias': 'fixed', 'mlp_type': 'cat', 'autoregressive': False, 'glove_embeddings': 'data/glove.840B.300d.txt', 'do_glove': 0, 'unembed_mask': 1, 'pool_outputs': 0, 'use_prefix_counts': True, 'standard': False, 'd_model': 64, 'd_head': None, 'n_heads': 2, 'dropout': 0.0, 'lr': 0.02, 'max_grad_norm': 1.0, 'gumbel_samples': 4, 'n_epochs': 250, 'batch_size': 512, 'tau_init': 3.0, 'tau_end': 0.1, 'tau_schedule': 'geomspace', 'loss_agg': 'per_token', 'save': True, 'save_code': True, 'device': 'cuda'}
I 2025-05-05T06:17:58 __main__:630: vocab size: 8
I 2025-05-05T06:17:58 __main__:631: X_train: (16200, 8), Y_train, (16200, 8)
I 2025-05-05T06:17:58 __main__:632: X_val: (1800, 8), Y_val, (1800, 8)
I 2025-05-05T06:17:58 __main__:633: X_test: (2000, 8), Y_test, (2000, 8)
I 2025-05-05T06:17:58 __main__:636: 16200/16200 unique training inputs
I 2025-05-05T06:17:58 __main__:637: 2000/2000 unique test inputs not in train
I 2025-05-05T06:21:52 __main__:459: train: loss=0.00024151687102857977, acc=1.0, metrics={}
I 2025-05-05T06:21:52 __main__:459: val: loss=0.0007265321328304708, acc=0.9994422755158952, metrics={}
I 2025-05-05T06:21:52 __main__:459: test: loss=0.0007459096959792078, acc=0.9994983697015299, metrics={}
I 2025-05-05T06:21:52 __main__:476: saving model to output-improved/rasp-improved-prefix/hist/k8_len8_L1_H4_M2/s0/model.pt
I 2025-05-05T06:21:52 __main__:480: saving code to output-improved/rasp-improved-prefix/hist/k8_len8_L1_H4_M2/s0
E 2025-05-05T06:21:52 __main__:498: error saving code: boolean index did not match indexed array along dimension 0; dimension is 38 but corresponding boolean dimension is 37
I 2025-05-05T06:21:52 __main__:656: writing results to output-improved/rasp-improved-prefix/hist/k8_len8_L1_H4_M2/s0/results.csv

=== Running reverse ===
I 2025-05-05T06:21:55 __main__:662: args: {'output_dir': 'output-improved/rasp-improved-prefix/reverse/k8_len8_L3_H8_M2/s0', 'dataset': 'reverse', 'vocab_size': 8, 'dataset_size': 20000, 'min_length': 1, 'max_length': 8, 'seed': 0, 'do_lower': 0, 'unique': 1, 'replace_numbers': 0, 'n_vars_cat': 1, 'n_vars_num': 1, 'd_var': 8, 'n_heads_cat': 4, 'n_heads_num': 4, 'd_mlp': 64, 'n_cat_mlps': 1, 'n_num_mlps': 1, 'mlp_vars_in': 2, 'n_layers': 3, 'sample_fn': 'gumbel_soft', 'one_hot_embed': True, 'count_only': True, 'selector_width': 0, 'attention_type': 'both', 'rel_pos_bias': 'fixed', 'mlp_type': 'cat', 'autoregressive': False, 'glove_embeddings': 'data/glove.840B.300d.txt', 'do_glove': 0, 'unembed_mask': 1, 'pool_outputs': 0, 'use_prefix_counts': True, 'standard': False, 'd_model': 64, 'd_head': None, 'n_heads': 2, 'dropout': 0.0, 'lr': 0.02, 'max_grad_norm': 1.0, 'gumbel_samples': 4, 'n_epochs': 250, 'batch_size': 512, 'tau_init': 3.0, 'tau_end': 0.1, 'tau_schedule': 'geomspace', 'loss_agg': 'per_token', 'save': True, 'save_code': True, 'device': 'cuda'}
I 2025-05-05T06:22:00 __main__:630: vocab size: 8
I 2025-05-05T06:22:00 __main__:631: X_train: (11439, 8), Y_train, (11439, 8)
I 2025-05-05T06:22:00 __main__:632: X_val: (1272, 8), Y_val, (1272, 8)
I 2025-05-05T06:22:00 __main__:633: X_test: (1413, 8), Y_test, (1413, 8)
I 2025-05-05T06:22:00 __main__:636: 11439/11439 unique training inputs
I 2025-05-05T06:22:00 __main__:637: 1413/1413 unique test inputs not in train
I 2025-05-05T06:32:08 __main__:459: train: loss=0.10244622081518173, acc=0.9714471323392935, metrics={}
I 2025-05-05T06:32:08 __main__:459: val: loss=0.09059905260801315, acc=0.9735640138408305, metrics={}
I 2025-05-05T06:32:08 __main__:459: test: loss=0.09867928922176361, acc=0.9714000249781441, metrics={}
I 2025-05-05T06:32:08 __main__:476: saving model to output-improved/rasp-improved-prefix/reverse/k8_len8_L3_H8_M2/s0/model.pt
I 2025-05-05T06:32:08 __main__:480: saving code to output-improved/rasp-improved-prefix/reverse/k8_len8_L3_H8_M2/s0
E 2025-05-05T06:32:08 __main__:498: error saving code: boolean index did not match indexed array along dimension 0; dimension is 174 but corresponding boolean dimension is 173
I 2025-05-05T06:32:08 __main__:656: writing results to output-improved/rasp-improved-prefix/reverse/k8_len8_L3_H8_M2/s0/results.csv

=== Running sort ===
I 2025-05-05T06:32:11 __main__:662: args: {'output_dir': 'output-improved/rasp-improved-prefix/sort/k8_len8_L3_H8_M4/s0', 'dataset': 'sort', 'vocab_size': 8, 'dataset_size': 20000, 'min_length': 1, 'max_length': 8, 'seed': 0, 'do_lower': 0, 'unique': 1, 'replace_numbers': 0, 'n_vars_cat': 1, 'n_vars_num': 1, 'd_var': 8, 'n_heads_cat': 4, 'n_heads_num': 4, 'd_mlp': 64, 'n_cat_mlps': 2, 'n_num_mlps': 2, 'mlp_vars_in': 2, 'n_layers': 3, 'sample_fn': 'gumbel_soft', 'one_hot_embed': True, 'count_only': True, 'selector_width': 0, 'attention_type': 'both', 'rel_pos_bias': 'fixed', 'mlp_type': 'cat', 'autoregressive': False, 'glove_embeddings': 'data/glove.840B.300d.txt', 'do_glove': 0, 'unembed_mask': 1, 'pool_outputs': 0, 'use_prefix_counts': True, 'standard': False, 'd_model': 64, 'd_head': None, 'n_heads': 2, 'dropout': 0.0, 'lr': 0.02, 'max_grad_norm': 1.0, 'gumbel_samples': 4, 'n_epochs': 250, 'batch_size': 512, 'tau_init': 3.0, 'tau_end': 0.1, 'tau_schedule': 'geomspace', 'loss_agg': 'per_token', 'save': True, 'save_code': True, 'device': 'cuda'}
I 2025-05-05T06:32:16 __main__:630: vocab size: 8
I 2025-05-05T06:32:16 __main__:631: X_train: (11439, 8), Y_train, (11439, 8)
I 2025-05-05T06:32:16 __main__:632: X_val: (1272, 8), Y_val, (1272, 8)
I 2025-05-05T06:32:16 __main__:633: X_test: (1413, 8), Y_test, (1413, 8)
I 2025-05-05T06:32:16 __main__:636: 11439/11439 unique training inputs
I 2025-05-05T06:32:16 __main__:637: 1413/1413 unique test inputs not in train
I 2025-05-05T06:44:51 __main__:459: train: loss=0.002469093771651387, acc=0.9996906514879663, metrics={}
I 2025-05-05T06:44:51 __main__:459: val: loss=0.006466155406087637, acc=0.9997231833910034, metrics={}
I 2025-05-05T06:44:51 __main__:459: test: loss=0.0019809880759567022, acc=0.9996253278381416, metrics={}
I 2025-05-05T06:44:51 __main__:476: saving model to output-improved/rasp-improved-prefix/sort/k8_len8_L3_H8_M4/s0/model.pt
I 2025-05-05T06:44:51 __main__:480: saving code to output-improved/rasp-improved-prefix/sort/k8_len8_L3_H8_M4/s0
E 2025-05-05T06:44:51 __main__:498: error saving code: boolean index did not match indexed array along dimension 0; dimension is 222 but corresponding boolean dimension is 221
I 2025-05-05T06:44:51 __main__:656: writing results to output-improved/rasp-improved-prefix/sort/k8_len8_L3_H8_M4/s0/results.csv

=== Running most_freq ===
I 2025-05-05T06:44:54 __main__:662: args: {'output_dir': 'output-improved/rasp-improved-prefix/most_freq/k8_len8_L4_H8_M4/s0', 'dataset': 'most_freq', 'vocab_size': 8, 'dataset_size': 20000, 'min_length': 1, 'max_length': 8, 'seed': 0, 'do_lower': 0, 'unique': 1, 'replace_numbers': 0, 'n_vars_cat': 1, 'n_vars_num': 1, 'd_var': 8, 'n_heads_cat': 4, 'n_heads_num': 4, 'd_mlp': 64, 'n_cat_mlps': 2, 'n_num_mlps': 2, 'mlp_vars_in': 2, 'n_layers': 4, 'sample_fn': 'gumbel_soft', 'one_hot_embed': True, 'count_only': True, 'selector_width': 0, 'attention_type': 'both', 'rel_pos_bias': 'fixed', 'mlp_type': 'cat', 'autoregressive': False, 'glove_embeddings': 'data/glove.840B.300d.txt', 'do_glove': 0, 'unembed_mask': 1, 'pool_outputs': 0, 'use_prefix_counts': True, 'standard': False, 'd_model': 64, 'd_head': None, 'n_heads': 2, 'dropout': 0.0, 'lr': 0.02, 'max_grad_norm': 1.0, 'gumbel_samples': 4, 'n_epochs': 250, 'batch_size': 512, 'tau_init': 3.0, 'tau_end': 0.1, 'tau_schedule': 'geomspace', 'loss_agg': 'per_token', 'save': True, 'save_code': True, 'device': 'cuda'}
I 2025-05-05T06:44:56 __main__:630: vocab size: 8
I 2025-05-05T06:44:56 __main__:631: X_train: (16200, 8), Y_train, (16200, 8)
I 2025-05-05T06:44:56 __main__:632: X_val: (1800, 8), Y_val, (1800, 8)
I 2025-05-05T06:44:56 __main__:633: X_test: (2000, 8), Y_test, (2000, 8)
I 2025-05-05T06:44:56 __main__:636: 16200/16200 unique training inputs
I 2025-05-05T06:44:56 __main__:637: 2000/2000 unique test inputs not in train
I 2025-05-05T07:07:34 __main__:459: train: loss=0.536583662033081, acc=0.7710812101580182, metrics={}
I 2025-05-05T07:07:34 __main__:459: val: loss=0.5335894823074341, acc=0.7691950176612753, metrics={}
I 2025-05-05T07:07:34 __main__:459: test: loss=0.5617703199386597, acc=0.7603043223810718, metrics={}
I 2025-05-05T07:07:34 __main__:476: saving model to output-improved/rasp-improved-prefix/most_freq/k8_len8_L4_H8_M4/s0/model.pt
I 2025-05-05T07:07:34 __main__:480: saving code to output-improved/rasp-improved-prefix/most_freq/k8_len8_L4_H8_M4/s0
E 2025-05-05T07:07:34 __main__:498: error saving code: boolean index did not match indexed array along dimension 0; dimension is 290 but corresponding boolean dimension is 289
I 2025-05-05T07:07:34 __main__:656: writing results to output-improved/rasp-improved-prefix/most_freq/k8_len8_L4_H8_M4/s0/results.csv

=== Running dyck1 ===
I 2025-05-05T07:07:37 __main__:662: args: {'output_dir': 'output-improved/rasp-improved-prefix/dyck1/k16_len16_L3_H8_M2/s0', 'dataset': 'dyck1', 'vocab_size': 1, 'dataset_size': 20000, 'min_length': 1, 'max_length': 16, 'seed': 0, 'do_lower': 0, 'unique': 1, 'replace_numbers': 0, 'n_vars_cat': 1, 'n_vars_num': 1, 'd_var': 16, 'n_heads_cat': 4, 'n_heads_num': 4, 'd_mlp': 64, 'n_cat_mlps': 1, 'n_num_mlps': 1, 'mlp_vars_in': 2, 'n_layers': 3, 'sample_fn': 'gumbel_soft', 'one_hot_embed': True, 'count_only': True, 'selector_width': 0, 'attention_type': 'both', 'rel_pos_bias': 'fixed', 'mlp_type': 'cat', 'autoregressive': True, 'glove_embeddings': 'data/glove.840B.300d.txt', 'do_glove': 0, 'unembed_mask': 1, 'pool_outputs': 0, 'use_prefix_counts': True, 'standard': False, 'd_model': 64, 'd_head': None, 'n_heads': 2, 'dropout': 0.0, 'lr': 0.02, 'max_grad_norm': 1.0, 'gumbel_samples': 4, 'n_epochs': 250, 'batch_size': 512, 'tau_init': 3.0, 'tau_end': 0.1, 'tau_schedule': 'geomspace', 'loss_agg': 'per_token', 'save': True, 'save_code': True, 'device': 'cuda'}
I 2025-05-05T07:07:40 __main__:630: vocab size: 4
I 2025-05-05T07:07:40 __main__:631: X_train: (16200, 16), Y_train, (16200, 16)
I 2025-05-05T07:07:40 __main__:632: X_val: (1800, 16), Y_val, (1800, 16)
I 2025-05-05T07:07:40 __main__:633: X_test: (2000, 16), Y_test, (2000, 16)
I 2025-05-05T07:07:40 __main__:636: 16200/16200 unique training inputs
I 2025-05-05T07:07:40 __main__:637: 2000/2000 unique test inputs not in train
I 2025-05-05T07:21:40 __main__:459: train: loss=0.010344486683607101, acc=0.9969423868312757, metrics={}
I 2025-05-05T07:21:40 __main__:459: val: loss=0.010935611091554165, acc=0.9961851851851852, metrics={}
I 2025-05-05T07:21:40 __main__:459: test: loss=0.009609067812561989, acc=0.9970666666666667, metrics={}
I 2025-05-05T07:21:40 __main__:476: saving model to output-improved/rasp-improved-prefix/dyck1/k16_len16_L3_H8_M2/s0/model.pt
I 2025-05-05T07:21:40 __main__:480: saving code to output-improved/rasp-improved-prefix/dyck1/k16_len16_L3_H8_M2/s0
E 2025-05-05T07:21:40 __main__:498: error saving code: boolean index did not match indexed array along dimension 0; dimension is 334 but corresponding boolean dimension is 333
I 2025-05-05T07:21:40 __main__:656: writing results to output-improved/rasp-improved-prefix/dyck1/k16_len16_L3_H8_M2/s0/results.csv

=== Running dyck2 ===
I 2025-05-05T07:21:44 __main__:662: args: {'output_dir': 'output-improved/rasp-improved-prefix/dyck2/k16_len16_L3_H4_M4/s0', 'dataset': 'dyck2', 'vocab_size': 2, 'dataset_size': 20000, 'min_length': 1, 'max_length': 16, 'seed': 0, 'do_lower': 0, 'unique': 1, 'replace_numbers': 0, 'n_vars_cat': 1, 'n_vars_num': 1, 'd_var': 16, 'n_heads_cat': 2, 'n_heads_num': 2, 'd_mlp': 64, 'n_cat_mlps': 2, 'n_num_mlps': 2, 'mlp_vars_in': 2, 'n_layers': 3, 'sample_fn': 'gumbel_soft', 'one_hot_embed': True, 'count_only': True, 'selector_width': 0, 'attention_type': 'both', 'rel_pos_bias': 'fixed', 'mlp_type': 'cat', 'autoregressive': True, 'glove_embeddings': 'data/glove.840B.300d.txt', 'do_glove': 0, 'unembed_mask': 1, 'pool_outputs': 0, 'use_prefix_counts': True, 'standard': False, 'd_model': 64, 'd_head': None, 'n_heads': 2, 'dropout': 0.0, 'lr': 0.02, 'max_grad_norm': 1.0, 'gumbel_samples': 4, 'n_epochs': 250, 'batch_size': 512, 'tau_init': 3.0, 'tau_end': 0.1, 'tau_schedule': 'geomspace', 'loss_agg': 'per_token', 'save': True, 'save_code': True, 'device': 'cuda'}
I 2025-05-05T07:21:45 __main__:630: vocab size: 6
I 2025-05-05T07:21:45 __main__:631: X_train: (16200, 16), Y_train, (16200, 16)
I 2025-05-05T07:21:45 __main__:632: X_val: (1800, 16), Y_val, (1800, 16)
I 2025-05-05T07:21:45 __main__:633: X_test: (2000, 16), Y_test, (2000, 16)
I 2025-05-05T07:21:45 __main__:636: 16200/16200 unique training inputs
I 2025-05-05T07:21:45 __main__:637: 2000/2000 unique test inputs not in train
I 2025-05-05T07:39:30 __main__:459: train: loss=0.12709781527519226, acc=0.9557119341563786, metrics={}
I 2025-05-05T07:39:30 __main__:459: val: loss=0.12991130352020264, acc=0.9542962962962963, metrics={}
I 2025-05-05T07:39:30 __main__:459: test: loss=0.12640723586082458, acc=0.9555, metrics={}
I 2025-05-05T07:39:30 __main__:476: saving model to output-improved/rasp-improved-prefix/dyck2/k16_len16_L3_H4_M4/s0/model.pt
I 2025-05-05T07:39:30 __main__:480: saving code to output-improved/rasp-improved-prefix/dyck2/k16_len16_L3_H4_M4/s0
E 2025-05-05T07:39:30 __main__:498: error saving code: boolean index did not match indexed array along dimension 0; dimension is 328 but corresponding boolean dimension is 327
I 2025-05-05T07:39:30 __main__:656: writing results to output-improved/rasp-improved-prefix/dyck2/k16_len16_L3_H4_M4/s0/results.csv
