CUDA_VISIBLE_DEVICES: MIG-e910f0ad-db96-51b5-9f72-e73ce4df2ac5
Torch sees CUDA: True

=== Running double_hist ===
I 2025-05-04T01:04:57 __main__:655: args: {'output_dir': 'output-base-816/rasp/double_hist/k8_len16_L3_H4_M2/s0', 'dataset': 'double_hist', 'vocab_size': 8, 'dataset_size': 20000, 'min_length': 1, 'max_length': 16, 'seed': 0, 'do_lower': 0, 'unique': 1, 'replace_numbers': 0, 'n_vars_cat': 1, 'n_vars_num': 1, 'd_var': 16, 'n_heads_cat': 2, 'n_heads_num': 2, 'd_mlp': 64, 'n_cat_mlps': 1, 'n_num_mlps': 1, 'mlp_vars_in': 2, 'n_layers': 3, 'sample_fn': 'gumbel_soft', 'one_hot_embed': True, 'count_only': False, 'selector_width': 0, 'attention_type': 'both', 'rel_pos_bias': 'fixed', 'mlp_type': 'mix', 'autoregressive': False, 'glove_embeddings': 'data/glove.840B.300d.txt', 'do_glove': 0, 'unembed_mask': 1, 'pool_outputs': 0, 'standard': False, 'd_model': 64, 'd_head': None, 'n_heads': 2, 'dropout': 0.0, 'lr': 0.02, 'max_grad_norm': 1.0, 'gumbel_samples': 4, 'n_epochs': 250, 'batch_size': 512, 'tau_init': 3.0, 'tau_end': 0.1, 'tau_schedule': 'geomspace', 'loss_agg': 'per_token', 'save': True, 'save_code': True, 'device': 'cuda'}
I 2025-05-04T01:04:58 __main__:623: vocab size: 8
I 2025-05-04T01:04:58 __main__:624: X_train: (16200, 16), Y_train, (16200, 16)
I 2025-05-04T01:04:58 __main__:625: X_val: (1800, 16), Y_val, (1800, 16)
I 2025-05-04T01:04:58 __main__:626: X_test: (2000, 16), Y_test, (2000, 16)
I 2025-05-04T01:04:58 __main__:629: 16200/16200 unique training inputs
I 2025-05-04T01:04:58 __main__:630: 2000/2000 unique test inputs not in train
I 2025-05-04T01:19:13 __main__:452: train: loss=0.7468871474266052, acc=0.6268900070059232, metrics={}
I 2025-05-04T01:19:13 __main__:452: val: loss=0.7221030592918396, acc=0.6277260336210814, metrics={}
I 2025-05-04T01:19:13 __main__:452: test: loss=0.7292684316635132, acc=0.6334886128364389, metrics={}
I 2025-05-04T01:19:13 __main__:469: saving model to output-base-816/rasp/double_hist/k8_len16_L3_H4_M2/s0/model.pt
I 2025-05-04T01:19:13 __main__:473: saving code to output-base-816/rasp/double_hist/k8_len16_L3_H4_M2/s0
writing (231, 6) classifier weights to output-base-816/rasp/double_hist/k8_len16_L3_H4_M2/s0/double_hist_weights.csv
writing 1271 lines to output-base-816/rasp/double_hist/k8_len16_L3_H4_M2/s0/double_hist.py
I 2025-05-04T01:19:13 __main__:649: writing results to output-base-816/rasp/double_hist/k8_len16_L3_H4_M2/s0/results.csv

=== Running hist ===
I 2025-05-04T01:19:19 __main__:655: args: {'output_dir': 'output-base-816/rasp/hist/k8_len16_L1_H4_M2/s0', 'dataset': 'hist', 'vocab_size': 8, 'dataset_size': 20000, 'min_length': 1, 'max_length': 16, 'seed': 0, 'do_lower': 0, 'unique': 1, 'replace_numbers': 0, 'n_vars_cat': 1, 'n_vars_num': 1, 'd_var': 16, 'n_heads_cat': 0, 'n_heads_num': 4, 'd_mlp': 64, 'n_cat_mlps': 1, 'n_num_mlps': 1, 'mlp_vars_in': 2, 'n_layers': 1, 'sample_fn': 'gumbel_soft', 'one_hot_embed': True, 'count_only': True, 'selector_width': 0, 'attention_type': 'num', 'rel_pos_bias': 'fixed', 'mlp_type': 'cat', 'autoregressive': False, 'glove_embeddings': 'data/glove.840B.300d.txt', 'do_glove': 0, 'unembed_mask': 1, 'pool_outputs': 0, 'standard': False, 'd_model': 64, 'd_head': None, 'n_heads': 2, 'dropout': 0.0, 'lr': 0.02, 'max_grad_norm': 1.0, 'gumbel_samples': 4, 'n_epochs': 250, 'batch_size': 512, 'tau_init': 3.0, 'tau_end': 0.1, 'tau_schedule': 'geomspace', 'loss_agg': 'per_token', 'save': True, 'save_code': True, 'device': 'cuda'}
I 2025-05-04T01:19:20 __main__:623: vocab size: 8
I 2025-05-04T01:19:20 __main__:624: X_train: (16200, 16), Y_train, (16200, 16)
I 2025-05-04T01:19:20 __main__:625: X_val: (1800, 16), Y_val, (1800, 16)
I 2025-05-04T01:19:20 __main__:626: X_test: (2000, 16), Y_test, (2000, 16)
I 2025-05-04T01:19:20 __main__:629: 16200/16200 unique training inputs
I 2025-05-04T01:19:20 __main__:630: 2000/2000 unique test inputs not in train
I 2025-05-04T01:23:12 __main__:452: train: loss=0.006010355893522501, acc=0.9990701229221068, metrics={}
I 2025-05-04T01:23:12 __main__:452: val: loss=0.005834673065692186, acc=0.9986369831894594, metrics={}
I 2025-05-04T01:23:12 __main__:452: test: loss=0.005658878479152918, acc=0.9991718426501035, metrics={}
I 2025-05-04T01:23:12 __main__:469: saving model to output-base-816/rasp/hist/k8_len16_L1_H4_M2/s0/model.pt
I 2025-05-04T01:23:12 __main__:473: saving code to output-base-816/rasp/hist/k8_len16_L1_H4_M2/s0
writing (69, 9) classifier weights to output-base-816/rasp/hist/k8_len16_L1_H4_M2/s0/hist_weights.csv
writing 164 lines to output-base-816/rasp/hist/k8_len16_L1_H4_M2/s0/hist.py
I 2025-05-04T01:23:12 __main__:649: writing results to output-base-816/rasp/hist/k8_len16_L1_H4_M2/s0/results.csv

=== Running reverse ===
I 2025-05-04T01:23:15 __main__:655: args: {'output_dir': 'output-base-816/rasp/reverse/k8_len16_L3_H8_M2/s0', 'dataset': 'reverse', 'vocab_size': 8, 'dataset_size': 20000, 'min_length': 1, 'max_length': 16, 'seed': 0, 'do_lower': 0, 'unique': 1, 'replace_numbers': 0, 'n_vars_cat': 1, 'n_vars_num': 1, 'd_var': 16, 'n_heads_cat': 4, 'n_heads_num': 4, 'd_mlp': 64, 'n_cat_mlps': 1, 'n_num_mlps': 1, 'mlp_vars_in': 2, 'n_layers': 3, 'sample_fn': 'gumbel_soft', 'one_hot_embed': True, 'count_only': True, 'selector_width': 0, 'attention_type': 'both', 'rel_pos_bias': 'fixed', 'mlp_type': 'cat', 'autoregressive': False, 'glove_embeddings': 'data/glove.840B.300d.txt', 'do_glove': 0, 'unembed_mask': 1, 'pool_outputs': 0, 'standard': False, 'd_model': 64, 'd_head': None, 'n_heads': 2, 'dropout': 0.0, 'lr': 0.02, 'max_grad_norm': 1.0, 'gumbel_samples': 4, 'n_epochs': 250, 'batch_size': 512, 'tau_init': 3.0, 'tau_end': 0.1, 'tau_schedule': 'geomspace', 'loss_agg': 'per_token', 'save': True, 'save_code': True, 'device': 'cuda'}
I 2025-05-04T01:23:16 __main__:623: vocab size: 8
I 2025-05-04T01:23:16 __main__:624: X_train: (16200, 16), Y_train, (16200, 16)
I 2025-05-04T01:23:16 __main__:625: X_val: (1800, 16), Y_val, (1800, 16)
I 2025-05-04T01:23:16 __main__:626: X_test: (2000, 16), Y_test, (2000, 16)
I 2025-05-04T01:23:16 __main__:629: 16200/16200 unique training inputs
I 2025-05-04T01:23:16 __main__:630: 2000/2000 unique test inputs not in train
I 2025-05-04T01:37:39 __main__:452: train: loss=0.9813902378082275, acc=0.6257350193710791, metrics={}
I 2025-05-04T01:37:39 __main__:452: val: loss=0.9779928922653198, acc=0.6295604459751328, metrics={}
I 2025-05-04T01:37:39 __main__:452: test: loss=0.9898642897605896, acc=0.6219953546156755, metrics={}
I 2025-05-04T01:37:39 __main__:469: saving model to output-base-816/rasp/reverse/k8_len16_L3_H8_M2/s0/model.pt
I 2025-05-04T01:37:39 __main__:473: saving code to output-base-816/rasp/reverse/k8_len16_L3_H8_M2/s0
writing (333, 5) classifier weights to output-base-816/rasp/reverse/k8_len16_L3_H8_M2/s0/reverse_weights.csv
writing 996 lines to output-base-816/rasp/reverse/k8_len16_L3_H8_M2/s0/reverse.py
I 2025-05-04T01:37:40 __main__:649: writing results to output-base-816/rasp/reverse/k8_len16_L3_H8_M2/s0/results.csv

=== Running sort ===
I 2025-05-04T01:37:44 __main__:655: args: {'output_dir': 'output-base-816/rasp/sort/k8_len16_L3_H8_M4/s0', 'dataset': 'sort', 'vocab_size': 8, 'dataset_size': 20000, 'min_length': 1, 'max_length': 16, 'seed': 0, 'do_lower': 0, 'unique': 1, 'replace_numbers': 0, 'n_vars_cat': 1, 'n_vars_num': 1, 'd_var': 16, 'n_heads_cat': 4, 'n_heads_num': 4, 'd_mlp': 64, 'n_cat_mlps': 2, 'n_num_mlps': 2, 'mlp_vars_in': 2, 'n_layers': 3, 'sample_fn': 'gumbel_soft', 'one_hot_embed': True, 'count_only': True, 'selector_width': 0, 'attention_type': 'both', 'rel_pos_bias': 'fixed', 'mlp_type': 'cat', 'autoregressive': False, 'glove_embeddings': 'data/glove.840B.300d.txt', 'do_glove': 0, 'unembed_mask': 1, 'pool_outputs': 0, 'standard': False, 'd_model': 64, 'd_head': None, 'n_heads': 2, 'dropout': 0.0, 'lr': 0.02, 'max_grad_norm': 1.0, 'gumbel_samples': 4, 'n_epochs': 250, 'batch_size': 512, 'tau_init': 3.0, 'tau_end': 0.1, 'tau_schedule': 'geomspace', 'loss_agg': 'per_token', 'save': True, 'save_code': True, 'device': 'cuda'}
I 2025-05-04T01:37:45 __main__:623: vocab size: 8
I 2025-05-04T01:37:45 __main__:624: X_train: (16200, 16), Y_train, (16200, 16)
I 2025-05-04T01:37:45 __main__:625: X_val: (1800, 16), Y_val, (1800, 16)
I 2025-05-04T01:37:45 __main__:626: X_test: (2000, 16), Y_test, (2000, 16)
I 2025-05-04T01:37:45 __main__:629: 16200/16200 unique training inputs
I 2025-05-04T01:37:45 __main__:630: 2000/2000 unique test inputs not in train
I 2025-05-04T01:55:26 __main__:452: train: loss=0.07146325707435608, acc=0.9729657089290513, metrics={}
I 2025-05-04T01:55:26 __main__:452: val: loss=0.07682998478412628, acc=0.9712217617185219, metrics={}
I 2025-05-04T01:55:26 __main__:452: test: loss=0.07108183205127716, acc=0.9730999837951709, metrics={}
I 2025-05-04T01:55:26 __main__:469: saving model to output-base-816/rasp/sort/k8_len16_L3_H8_M4/s0/model.pt
I 2025-05-04T01:55:26 __main__:473: saving code to output-base-816/rasp/sort/k8_len16_L3_H8_M4/s0
writing (429, 5) classifier weights to output-base-816/rasp/sort/k8_len16_L3_H8_M4/s0/sort_weights.csv
writing 1919 lines to output-base-816/rasp/sort/k8_len16_L3_H8_M4/s0/sort.py
I 2025-05-04T01:55:27 __main__:649: writing results to output-base-816/rasp/sort/k8_len16_L3_H8_M4/s0/results.csv

=== Running most_freq ===
I 2025-05-04T01:55:30 __main__:655: args: {'output_dir': 'output-base-816/rasp/most_freq/k8_len16_L4_H8_M4/s0', 'dataset': 'most_freq', 'vocab_size': 8, 'dataset_size': 20000, 'min_length': 1, 'max_length': 16, 'seed': 0, 'do_lower': 0, 'unique': 1, 'replace_numbers': 0, 'n_vars_cat': 1, 'n_vars_num': 1, 'd_var': 16, 'n_heads_cat': 4, 'n_heads_num': 4, 'd_mlp': 64, 'n_cat_mlps': 2, 'n_num_mlps': 2, 'mlp_vars_in': 2, 'n_layers': 4, 'sample_fn': 'gumbel_soft', 'one_hot_embed': True, 'count_only': True, 'selector_width': 0, 'attention_type': 'both', 'rel_pos_bias': 'fixed', 'mlp_type': 'cat', 'autoregressive': False, 'glove_embeddings': 'data/glove.840B.300d.txt', 'do_glove': 0, 'unembed_mask': 1, 'pool_outputs': 0, 'standard': False, 'd_model': 64, 'd_head': None, 'n_heads': 2, 'dropout': 0.0, 'lr': 0.02, 'max_grad_norm': 1.0, 'gumbel_samples': 4, 'n_epochs': 250, 'batch_size': 512, 'tau_init': 3.0, 'tau_end': 0.1, 'tau_schedule': 'geomspace', 'loss_agg': 'per_token', 'save': True, 'save_code': True, 'device': 'cuda'}
I 2025-05-04T01:55:31 __main__:623: vocab size: 8
I 2025-05-04T01:55:31 __main__:624: X_train: (16200, 16), Y_train, (16200, 16)
I 2025-05-04T01:55:31 __main__:625: X_val: (1800, 16), Y_val, (1800, 16)
I 2025-05-04T01:55:31 __main__:626: X_test: (2000, 16), Y_test, (2000, 16)
I 2025-05-04T01:55:31 __main__:629: 16200/16200 unique training inputs
I 2025-05-04T01:55:31 __main__:630: 2000/2000 unique test inputs not in train
I 2025-05-04T02:18:26 __main__:452: train: loss=0.7689574956893921, acc=0.7005349977708426, metrics={}
I 2025-05-04T02:18:26 __main__:452: val: loss=0.7737194299697876, acc=0.7022944116310768, metrics={}
I 2025-05-04T02:18:26 __main__:452: test: loss=0.7710778117179871, acc=0.6987060041407868, metrics={}
I 2025-05-04T02:18:26 __main__:469: saving model to output-base-816/rasp/most_freq/k8_len16_L4_H8_M4/s0/model.pt
I 2025-05-04T02:18:26 __main__:473: saving code to output-base-816/rasp/most_freq/k8_len16_L4_H8_M4/s0
writing (561, 7) classifier weights to output-base-816/rasp/most_freq/k8_len16_L4_H8_M4/s0/most_freq_weights.csv
writing 3349 lines to output-base-816/rasp/most_freq/k8_len16_L4_H8_M4/s0/most_freq.py
I 2025-05-04T02:18:27 __main__:649: writing results to output-base-816/rasp/most_freq/k8_len16_L4_H8_M4/s0/results.csv
